[debug] > Exec(early(addDefaultCommands), None, None)
[debug] > Exec(addDefaultCommands, None, None)
[debug] > Exec(early(initialize), None, None)
[debug] > Exec(initialize, None, None)
[debug] > Exec(boot, None, None)
[debug] > Exec(writeSbtVersion, None, None)
[debug] > Exec(reload, None, None)
[debug] > Exec(sbtStashOnFailure, None, None)
[debug] > Exec(onFailure loadFailed, None, None)
[debug] > Exec(loadp, None, None)
[info] welcome to sbt 1.8.3 (OpenLogic-OpenJDK Java 1.8.0_362-362)
[debug]       Load.loadUnit: plugins took 68.5164ms
[debug]       Load.loadUnit: defsScala took 0.3448ms
[debug] [Loading] Scanning directory C:\Users\Sean\.sbt\1.0\plugins
[debug] [Loading] Found non-root projects 
[debug] [Loading] Done in C:\Users\Sean\.sbt\1.0\plugins, returning: ()
[debug] deducing auto plugins based on known facts Set(Atom(sbt.plugins.CorePlugin)) and clauses Clauses(Clause(Atom(sbt.plugins.JvmPlugin),Set(Atom(sbt.plugins.IvyPlugin)))
[debug] Clause(Atom(sbt.ScriptedPlugin),Set(Atom(sbt.plugins.JvmPlugin)))
[debug] Clause(Atom(sbt.plugins.SbtPlugin),Set(Atom(sbt.ScriptedPlugin)))
[debug] Clause(Atom(sbt.plugins.SemanticdbPlugin),Set(Atom(sbt.plugins.JvmPlugin)))
[debug] Clause(Atom(sbt.plugins.JUnitXmlReportPlugin),Set(Atom(sbt.plugins.JvmPlugin)))
[debug] Clause(Atom(sbt.plugins.MiniDependencyTreePlugin),Set(Atom(sbt.plugins.JvmPlugin)))
[debug] Clause(Atom(sbt.plugins.CorePlugin),Set(Atom(sbt.plugins.IvyPlugin)))
[debug] Clause(Atom(sbt.plugins.IvyPlugin),Set(Atom(sbt.plugins.JvmPlugin)))
[debug] Clause(Atom(sbt.plugins.JvmPlugin),Set(Atom(sbt.plugins.SemanticdbPlugin)))
[debug] Clause(Atom(sbt.plugins.JvmPlugin),Set(Atom(sbt.plugins.JUnitXmlReportPlugin)))
[debug] Clause(Atom(sbt.plugins.CorePlugin),Set(Atom(sbt.plugins.Giter8TemplatePlugin)))
[debug] Clause(Atom(sbt.plugins.JvmPlugin),Set(Atom(sbt.plugins.MiniDependencyTreePlugin))))
[debug]   :: deduced result: Matched(sbt.plugins.CorePlugin,sbt.plugins.Giter8TemplatePlugin,sbt.plugins.IvyPlugin,sbt.plugins.JvmPlugin,sbt.plugins.MiniDependencyTreePlugin,sbt.plugins.JUnitXmlReportPlugin,sbt.plugins.SemanticdbPlugin)
[debug] Plugins.deducer#function took 12.269 ms
[debug]           Load.resolveProject(global-plugins) took 33.0258ms
[debug]         Load.loadTransitive: finalizeProject(Project(id global-plugins, base: C:\Users\Sean\.sbt\1.0\plugins, plugins: List(<none>))) took 65.2528ms
[debug] [Loading] Done in C:\Users\Sean\.sbt\1.0\plugins, returning: (global-plugins)
[debug]       Load.loadUnit: loadedProjectsRaw took 82.4848ms
[debug]       Load.loadUnit: cleanEvalClasses took 0.1657ms
[debug]     Load.loadUnit(file:/C:/Users/Sean/.sbt/1.0/plugins/, ...) took 158.5867ms
[debug]   Load.apply: load took 339.0109ms
[debug]   Load.apply: resolveProjects took 6.0567ms
[debug]   Load.apply: finalTransforms took 35.607ms
[debug]   Load.apply: config.delegates took 5.0795ms
[debug]   Load.apply: Def.make(settings)... took 212.1097ms
[debug]   Load.apply: structureIndex took 57.2234ms
[debug]   Load.apply: mkStreams took 1.3019ms
[info] loading global plugins from C:\Users\Sean\.sbt\1.0\plugins
[debug] Running task... Cancel: Signal, check cycles: false, forcegc: true
[debug] Load.defaultLoad until apply took 1432.1458ms
[debug]           Load.loadUnit: plugins took 24.1496ms
[debug]           Load.loadUnit: defsScala took 0.0029ms
[debug] [Loading] Scanning directory C:\Users\Sean\IdeaProjects\AdAssignment\project
[debug] [Loading] Found non-root projects 
[debug] [Loading] Done in C:\Users\Sean\IdeaProjects\AdAssignment\project, returning: ()
[debug] deducing auto plugins based on known facts Set(Atom(sbt.plugins.CorePlugin)) and clauses Clauses(Clause(Atom(sbt.plugins.JvmPlugin),Set(Atom(sbt.plugins.IvyPlugin)))
[debug] Clause(Atom(sbt.ScriptedPlugin),Set(Atom(sbt.plugins.JvmPlugin)))
[debug] Clause(Atom(sbt.plugins.SbtPlugin),Set(Atom(sbt.ScriptedPlugin)))
[debug] Clause(Atom(sbt.plugins.SemanticdbPlugin),Set(Atom(sbt.plugins.JvmPlugin)))
[debug] Clause(Atom(sbt.plugins.JUnitXmlReportPlugin),Set(Atom(sbt.plugins.JvmPlugin)))
[debug] Clause(Atom(sbt.plugins.MiniDependencyTreePlugin),Set(Atom(sbt.plugins.JvmPlugin)))
[debug] Clause(Atom(sbt.plugins.CorePlugin),Set(Atom(sbt.plugins.IvyPlugin)))
[debug] Clause(Atom(sbt.plugins.IvyPlugin),Set(Atom(sbt.plugins.JvmPlugin)))
[debug] Clause(Atom(sbt.plugins.JvmPlugin),Set(Atom(sbt.plugins.SemanticdbPlugin)))
[debug] Clause(Atom(sbt.plugins.JvmPlugin),Set(Atom(sbt.plugins.JUnitXmlReportPlugin)))
[debug] Clause(Atom(sbt.plugins.CorePlugin),Set(Atom(sbt.plugins.Giter8TemplatePlugin)))
[debug] Clause(Atom(sbt.plugins.JvmPlugin),Set(Atom(sbt.plugins.MiniDependencyTreePlugin))))
[debug]   :: deduced result: Matched(sbt.plugins.CorePlugin,sbt.plugins.Giter8TemplatePlugin,sbt.plugins.IvyPlugin,sbt.plugins.JvmPlugin,sbt.plugins.MiniDependencyTreePlugin,sbt.plugins.JUnitXmlReportPlugin,sbt.plugins.SemanticdbPlugin)
[debug] Plugins.deducer#function took 1.2139 ms
[debug]               Load.resolveProject(adassignment-build) took 0.8792ms
[debug]             Load.loadTransitive: finalizeProject(Project(id adassignment-build, base: C:\Users\Sean\IdeaProjects\AdAssignment\project, plugins: List(<none>))) took 2.4112ms
[debug] [Loading] Done in C:\Users\Sean\IdeaProjects\AdAssignment\project, returning: (adassignment-build)
[debug]           Load.loadUnit: loadedProjectsRaw took 3.7005ms
[debug]           Load.loadUnit: cleanEvalClasses took 0.0108ms
[debug]         Load.loadUnit(file:/C:/Users/Sean/IdeaProjects/AdAssignment/project/, ...) took 28.6234ms
[debug]       Load.apply: load took 29.7721ms
[debug]       Load.apply: resolveProjects took 0.1102ms
[debug]       Load.apply: finalTransforms took 5.0203ms
[debug]       Load.apply: config.delegates took 0.3109ms
[debug]       Load.apply: Def.make(settings)... took 43.1258ms
[debug]       Load.apply: structureIndex took 26.0621ms
[debug]       Load.apply: mkStreams took 0.0028ms
[info] loading project definition from C:\Users\Sean\IdeaProjects\AdAssignment\project
[debug] Running task... Cancel: Signal, check cycles: false, forcegc: true
[debug]     Load.loadUnit: plugins took 261.5941ms
[debug]     Load.loadUnit: defsScala took 0.0036ms
[debug] [Loading] Scanning directory C:\Users\Sean\IdeaProjects\AdAssignment
[debug]       Load.loadUnit: mkEval took 6.2034ms
[debug] [Loading] Found root project root w/ remaining 
[debug] deducing auto plugins based on known facts Set(Atom(sbt.plugins.CorePlugin)) and clauses Clauses(Clause(Atom(sbt.plugins.JvmPlugin),Set(Atom(sbt.plugins.IvyPlugin)))
[debug] Clause(Atom(sbt.ScriptedPlugin),Set(Atom(sbt.plugins.JvmPlugin)))
[debug] Clause(Atom(sbt.plugins.SbtPlugin),Set(Atom(sbt.ScriptedPlugin)))
[debug] Clause(Atom(sbt.plugins.SemanticdbPlugin),Set(Atom(sbt.plugins.JvmPlugin)))
[debug] Clause(Atom(sbt.plugins.JUnitXmlReportPlugin),Set(Atom(sbt.plugins.JvmPlugin)))
[debug] Clause(Atom(sbt.plugins.MiniDependencyTreePlugin),Set(Atom(sbt.plugins.JvmPlugin)))
[debug] Clause(Atom(sbt.plugins.CorePlugin),Set(Atom(sbt.plugins.IvyPlugin)))
[debug] Clause(Atom(sbt.plugins.IvyPlugin),Set(Atom(sbt.plugins.JvmPlugin)))
[debug] Clause(Atom(sbt.plugins.JvmPlugin),Set(Atom(sbt.plugins.SemanticdbPlugin)))
[debug] Clause(Atom(sbt.plugins.JvmPlugin),Set(Atom(sbt.plugins.JUnitXmlReportPlugin)))
[debug] Clause(Atom(sbt.plugins.CorePlugin),Set(Atom(sbt.plugins.Giter8TemplatePlugin)))
[debug] Clause(Atom(sbt.plugins.JvmPlugin),Set(Atom(sbt.plugins.MiniDependencyTreePlugin))))
[debug]   :: deduced result: Matched(sbt.plugins.CorePlugin,sbt.plugins.Giter8TemplatePlugin,sbt.plugins.IvyPlugin,sbt.plugins.JvmPlugin,sbt.plugins.MiniDependencyTreePlugin,sbt.plugins.JUnitXmlReportPlugin,sbt.plugins.SemanticdbPlugin)
[debug] Plugins.deducer#function took 1.3704 ms
[info] loading settings for project root from build.sbt ...
[debug]         Load.resolveProject(root) took 1.8843ms
[debug]       Load.loadTransitive: finalizeProject(Project(id root, base: C:\Users\Sean\IdeaProjects\AdAssignment, plugins: List(<none>))) took 4.1315ms
[debug] [Loading] Done in C:\Users\Sean\IdeaProjects\AdAssignment, returning: (root)
[debug]     Load.loadUnit: loadedProjectsRaw took 1131.4744ms
[debug]     Load.loadUnit: cleanEvalClasses took 6.5167ms
[debug]   Load.loadUnit(file:/C:/Users/Sean/IdeaProjects/AdAssignment/, ...) took 1400.2713ms
[debug] Load.apply: load took 1401.5862ms
[debug] Load.apply: resolveProjects took 0.0758ms
[debug] Load.apply: finalTransforms took 4.0301ms
[debug] Load.apply: config.delegates took 0.2837ms
[debug] Load.apply: Def.make(settings)... took 42.0749ms
[debug] Load.apply: structureIndex took 13.846ms
[debug] Load.apply: mkStreams took 0.0037ms
[info] set current project to AdAssignment (in build file:/C:/Users/Sean/IdeaProjects/AdAssignment/)
[debug] > Exec(sbtPopOnFailure, None, None)
[debug] > Exec(resumeFromFailure, None, None)
[debug] > Exec(notifyUsersAboutShell, None, None)
[debug] > Exec(iflast shell, None, None)
[debug] > Exec(shell, None, None)
[info] sbt server started at local:sbt-server-0eab80fa7e0bf7f72403
[debug] Writing bsp connection file
[info] started sbt server
