[debug] > Exec(early(addDefaultCommands), None, None)
[debug] > Exec(addDefaultCommands, None, None)
[debug] > Exec(early(initialize), None, None)
[debug] > Exec(initialize, None, None)
[debug] > Exec(boot, None, None)
[debug] > Exec(writeSbtVersion, None, None)
[debug] > Exec(reload, None, None)
[debug] > Exec(sbtStashOnFailure, None, None)
[debug] > Exec(onFailure loadFailed, None, None)
[debug] > Exec(loadp, None, None)
[info] welcome to sbt 1.8.3 (OpenLogic-OpenJDK Java 1.8.0_362-362)
[debug]       Load.loadUnit: plugins took 65.8127ms
[debug]       Load.loadUnit: defsScala took 0.2574ms
[debug] [Loading] Scanning directory C:\Users\Sean\.sbt\1.0\plugins
[debug] [Loading] Found non-root projects 
[debug] [Loading] Done in C:\Users\Sean\.sbt\1.0\plugins, returning: ()
[debug] deducing auto plugins based on known facts Set(Atom(sbt.plugins.CorePlugin)) and clauses Clauses(Clause(Atom(sbt.plugins.JvmPlugin),Set(Atom(sbt.plugins.IvyPlugin)))
[debug] Clause(Atom(sbt.ScriptedPlugin),Set(Atom(sbt.plugins.JvmPlugin)))
[debug] Clause(Atom(sbt.plugins.SbtPlugin),Set(Atom(sbt.ScriptedPlugin)))
[debug] Clause(Atom(sbt.plugins.SemanticdbPlugin),Set(Atom(sbt.plugins.JvmPlugin)))
[debug] Clause(Atom(sbt.plugins.JUnitXmlReportPlugin),Set(Atom(sbt.plugins.JvmPlugin)))
[debug] Clause(Atom(sbt.plugins.MiniDependencyTreePlugin),Set(Atom(sbt.plugins.JvmPlugin)))
[debug] Clause(Atom(sbt.plugins.CorePlugin),Set(Atom(sbt.plugins.IvyPlugin)))
[debug] Clause(Atom(sbt.plugins.IvyPlugin),Set(Atom(sbt.plugins.JvmPlugin)))
[debug] Clause(Atom(sbt.plugins.JvmPlugin),Set(Atom(sbt.plugins.SemanticdbPlugin)))
[debug] Clause(Atom(sbt.plugins.JvmPlugin),Set(Atom(sbt.plugins.JUnitXmlReportPlugin)))
[debug] Clause(Atom(sbt.plugins.CorePlugin),Set(Atom(sbt.plugins.Giter8TemplatePlugin)))
[debug] Clause(Atom(sbt.plugins.JvmPlugin),Set(Atom(sbt.plugins.MiniDependencyTreePlugin))))
[debug]   :: deduced result: Matched(sbt.plugins.CorePlugin,sbt.plugins.Giter8TemplatePlugin,sbt.plugins.IvyPlugin,sbt.plugins.JvmPlugin,sbt.plugins.MiniDependencyTreePlugin,sbt.plugins.JUnitXmlReportPlugin,sbt.plugins.SemanticdbPlugin)
[debug] Plugins.deducer#function took 11.7848 ms
[debug]           Load.resolveProject(global-plugins) took 35.3968ms
[debug]         Load.loadTransitive: finalizeProject(Project(id global-plugins, base: C:\Users\Sean\.sbt\1.0\plugins, plugins: List(<none>))) took 67.1633ms
[debug] [Loading] Done in C:\Users\Sean\.sbt\1.0\plugins, returning: (global-plugins)
[debug]       Load.loadUnit: loadedProjectsRaw took 85.7546ms
[debug]       Load.loadUnit: cleanEvalClasses took 0.1825ms
[debug]     Load.loadUnit(file:/C:/Users/Sean/.sbt/1.0/plugins/, ...) took 158.5763ms
[debug]   Load.apply: load took 348.7122ms
[debug]   Load.apply: resolveProjects took 4.8505ms
[debug]   Load.apply: finalTransforms took 36.5148ms
[debug]   Load.apply: config.delegates took 5.0869ms
[debug]   Load.apply: Def.make(settings)... took 219.3572ms
[debug]   Load.apply: structureIndex took 57.4727ms
[debug]   Load.apply: mkStreams took 1.165ms
[info] loading global plugins from C:\Users\Sean\.sbt\1.0\plugins
[debug] Running task... Cancel: Signal, check cycles: false, forcegc: true
[debug] Load.defaultLoad until apply took 1463.0008ms
[debug]           Load.loadUnit: plugins took 24.792ms
[debug]           Load.loadUnit: defsScala took 0.0027ms
[debug] [Loading] Scanning directory C:\Users\Sean\IdeaProjects\AdAssignment\project
[debug] [Loading] Found non-root projects 
[debug] [Loading] Done in C:\Users\Sean\IdeaProjects\AdAssignment\project, returning: ()
[debug] deducing auto plugins based on known facts Set(Atom(sbt.plugins.CorePlugin)) and clauses Clauses(Clause(Atom(sbt.plugins.JvmPlugin),Set(Atom(sbt.plugins.IvyPlugin)))
[debug] Clause(Atom(sbt.ScriptedPlugin),Set(Atom(sbt.plugins.JvmPlugin)))
[debug] Clause(Atom(sbt.plugins.SbtPlugin),Set(Atom(sbt.ScriptedPlugin)))
[debug] Clause(Atom(sbt.plugins.SemanticdbPlugin),Set(Atom(sbt.plugins.JvmPlugin)))
[debug] Clause(Atom(sbt.plugins.JUnitXmlReportPlugin),Set(Atom(sbt.plugins.JvmPlugin)))
[debug] Clause(Atom(sbt.plugins.MiniDependencyTreePlugin),Set(Atom(sbt.plugins.JvmPlugin)))
[debug] Clause(Atom(sbt.plugins.CorePlugin),Set(Atom(sbt.plugins.IvyPlugin)))
[debug] Clause(Atom(sbt.plugins.IvyPlugin),Set(Atom(sbt.plugins.JvmPlugin)))
[debug] Clause(Atom(sbt.plugins.JvmPlugin),Set(Atom(sbt.plugins.SemanticdbPlugin)))
[debug] Clause(Atom(sbt.plugins.JvmPlugin),Set(Atom(sbt.plugins.JUnitXmlReportPlugin)))
[debug] Clause(Atom(sbt.plugins.CorePlugin),Set(Atom(sbt.plugins.Giter8TemplatePlugin)))
[debug] Clause(Atom(sbt.plugins.JvmPlugin),Set(Atom(sbt.plugins.MiniDependencyTreePlugin))))
[debug]   :: deduced result: Matched(sbt.plugins.CorePlugin,sbt.plugins.Giter8TemplatePlugin,sbt.plugins.IvyPlugin,sbt.plugins.JvmPlugin,sbt.plugins.MiniDependencyTreePlugin,sbt.plugins.JUnitXmlReportPlugin,sbt.plugins.SemanticdbPlugin)
[debug] Plugins.deducer#function took 1.303 ms
[debug]               Load.resolveProject(adassignment-build) took 1.6775ms
[debug]             Load.loadTransitive: finalizeProject(Project(id adassignment-build, base: C:\Users\Sean\IdeaProjects\AdAssignment\project, plugins: List(<none>))) took 3.3871ms
[debug] [Loading] Done in C:\Users\Sean\IdeaProjects\AdAssignment\project, returning: (adassignment-build)
[debug]           Load.loadUnit: loadedProjectsRaw took 4.8376ms
[debug]           Load.loadUnit: cleanEvalClasses took 0.0097ms
[debug]         Load.loadUnit(file:/C:/Users/Sean/IdeaProjects/AdAssignment/project/, ...) took 30.5179ms
[debug]       Load.apply: load took 31.7304ms
[debug]       Load.apply: resolveProjects took 0.1229ms
[debug]       Load.apply: finalTransforms took 5.8907ms
[debug]       Load.apply: config.delegates took 0.4022ms
[debug]       Load.apply: Def.make(settings)... took 53.833ms
[debug]       Load.apply: structureIndex took 14.9285ms
[debug]       Load.apply: mkStreams took 0.0026ms
[info] loading project definition from C:\Users\Sean\IdeaProjects\AdAssignment\project
[debug] Running task... Cancel: Signal, check cycles: false, forcegc: true
[debug]     Load.loadUnit: plugins took 239.5055ms
[debug]     Load.loadUnit: defsScala took 0.0024ms
[debug] [Loading] Scanning directory C:\Users\Sean\IdeaProjects\AdAssignment
[debug]       Load.loadUnit: mkEval took 5.9363ms
[debug] [Loading] Found root project root w/ remaining 
[debug] deducing auto plugins based on known facts Set(Atom(sbt.plugins.CorePlugin)) and clauses Clauses(Clause(Atom(sbt.plugins.JvmPlugin),Set(Atom(sbt.plugins.IvyPlugin)))
[debug] Clause(Atom(sbt.ScriptedPlugin),Set(Atom(sbt.plugins.JvmPlugin)))
[debug] Clause(Atom(sbt.plugins.SbtPlugin),Set(Atom(sbt.ScriptedPlugin)))
[debug] Clause(Atom(sbt.plugins.SemanticdbPlugin),Set(Atom(sbt.plugins.JvmPlugin)))
[debug] Clause(Atom(sbt.plugins.JUnitXmlReportPlugin),Set(Atom(sbt.plugins.JvmPlugin)))
[debug] Clause(Atom(sbt.plugins.MiniDependencyTreePlugin),Set(Atom(sbt.plugins.JvmPlugin)))
[debug] Clause(Atom(sbt.plugins.CorePlugin),Set(Atom(sbt.plugins.IvyPlugin)))
[debug] Clause(Atom(sbt.plugins.IvyPlugin),Set(Atom(sbt.plugins.JvmPlugin)))
[debug] Clause(Atom(sbt.plugins.JvmPlugin),Set(Atom(sbt.plugins.SemanticdbPlugin)))
[debug] Clause(Atom(sbt.plugins.JvmPlugin),Set(Atom(sbt.plugins.JUnitXmlReportPlugin)))
[debug] Clause(Atom(sbt.plugins.CorePlugin),Set(Atom(sbt.plugins.Giter8TemplatePlugin)))
[debug] Clause(Atom(sbt.plugins.JvmPlugin),Set(Atom(sbt.plugins.MiniDependencyTreePlugin))))
[debug]   :: deduced result: Matched(sbt.plugins.CorePlugin,sbt.plugins.Giter8TemplatePlugin,sbt.plugins.IvyPlugin,sbt.plugins.JvmPlugin,sbt.plugins.MiniDependencyTreePlugin,sbt.plugins.JUnitXmlReportPlugin,sbt.plugins.SemanticdbPlugin)
[debug] Plugins.deducer#function took 1.0352 ms
[info] loading settings for project root from build.sbt ...
[debug]         Load.resolveProject(root) took 1.7449ms
[debug]       Load.loadTransitive: finalizeProject(Project(id root, base: C:\Users\Sean\IdeaProjects\AdAssignment, plugins: List(<none>))) took 3.4207ms
[debug] [Loading] Done in C:\Users\Sean\IdeaProjects\AdAssignment, returning: (root)
[debug]     Load.loadUnit: loadedProjectsRaw took 141.1221ms
[debug]     Load.loadUnit: cleanEvalClasses took 5.1638ms
[debug]   Load.loadUnit(file:/C:/Users/Sean/IdeaProjects/AdAssignment/, ...) took 386.3471ms
[debug] Load.apply: load took 387.7617ms
[debug] Load.apply: resolveProjects took 0.1124ms
[debug] Load.apply: finalTransforms took 4.0566ms
[debug] Load.apply: config.delegates took 0.2428ms
[debug] Load.apply: Def.make(settings)... took 31.3023ms
[debug] Load.apply: structureIndex took 15.2415ms
[debug] Load.apply: mkStreams took 0.0028ms
[info] set current project to AdAssignment (in build file:/C:/Users/Sean/IdeaProjects/AdAssignment/)
[debug] > Exec(sbtPopOnFailure, None, None)
[debug] > Exec(resumeFromFailure, None, None)
[debug] > Exec(notifyUsersAboutShell, None, None)
[debug] > Exec(iflast shell, None, None)
[debug] > Exec(shell, None, None)
[info] sbt server started at local:sbt-server-0eab80fa7e0bf7f72403
[debug] Writing bsp connection file
[info] started sbt server
[debug] Forcing garbage collection...
